# JRE version: Java(TM) SE Runtime Environment (16.0.1+9) (build 16.0.1+9-24)
# Java VM: Java HotSpot(TM) 64-Bit Server VM (16.0.1+9-24, mixed mode, sharing, tiered, compressed oops, compressed class ptrs, g1 gc, windows-amd64)
GC Precious Log:
 CPUs: 4 total, 4 available
 Memory: 8083M
 Large Page Support: Disabled
 NUMA Support: Disabled
 Compressed Oops: Enabled (32-bit)
 Heap Region Size: 1M
 Heap Min Capacity: 8M
 Heap Initial Capacity: 128M
 Heap Max Capacity: 2022M
 Pre-touch: Disabled
 Parallel Workers: 4
 Concurrent Workers: 1
 Concurrent Refinement Workers: 4
 Periodic GC: Disabled
Heap:
 garbage-first heap   total 112640K, used 64979K [0x0000000081a00000, 0x0000000100000000)
  region size 1024K, 13 young (13312K), 4 survivors (4096K)
 Metaspace       used 33114K, committed 33408K, reserved 1081344K
  class space    used 3665K, committed 3776K, reserved 1048576K
GC Heap History (20 events):
Event: 0.918 GC heap before
{Heap before GC invocations=0 (full 0):
 garbage-first heap   total 131072K, used 13312K [0x0000000081a00000, 0x0000000100000000)
  region size 1024K, 13 young (13312K), 0 survivors (0K)
 Metaspace       used 3767K, committed 3968K, reserved 1056768K
  class space    used 343K, committed 448K, reserved 1048576K
}
Event: 0.923 GC heap after
{Heap after GC invocations=1 (full 0):
 garbage-first heap   total 131072K, used 3924K [0x0000000081a00000, 0x0000000100000000)
  region size 1024K, 2 young (2048K), 2 survivors (2048K)
 Metaspace       used 3767K, committed 3968K, reserved 1056768K
  class space    used 343K, committed 448K, reserved 1048576K
}
Event: 1.419 GC heap before
{Heap before GC invocations=1 (full 0):
 garbage-first heap   total 131072K, used 17236K [0x0000000081a00000, 0x0000000100000000)
  region size 1024K, 16 young (16384K), 2 survivors (2048K)
 Metaspace       used 7476K, committed 7680K, reserved 1056768K
  class space    used 663K, committed 768K, reserved 1048576K
}
Event: 1.426 GC heap after
{Heap after GC invocations=2 (full 0):
 garbage-first heap   total 131072K, used 6142K [0x0000000081a00000, 0x0000000100000000)
  region size 1024K, 2 young (2048K), 2 survivors (2048K)
 Metaspace       used 7476K, committed 7680K, reserved 1056768K
  class space    used 663K, committed 768K, reserved 1048576K
}
Event: 3.069 GC heap before
{Heap before GC invocations=2 (full 0):
 garbage-first heap   total 131072K, used 81918K [0x0000000081a00000, 0x0000000100000000)
  region size 1024K, 76 young (77824K), 2 survivors (2048K)
 Metaspace       used 13114K, committed 13248K, reserved 1064960K
  class space    used 1144K, committed 1216K, reserved 1048576K
}
Event: 3.095 GC heap after
{Heap after GC invocations=3 (full 0):
 garbage-first heap   total 131072K, used 19671K [0x0000000081a00000, 0x0000000100000000)
  region size 1024K, 10 young (10240K), 10 survivors (10240K)
 Metaspace       used 13114K, committed 13248K, reserved 1064960K
  class space    used 1144K, committed 1216K, reserved 1048576K
}
Event: 3.975 GC heap before
{Heap before GC invocations=3 (full 0):
 garbage-first heap   total 131072K, used 66775K [0x0000000081a00000, 0x0000000100000000)
  region size 1024K, 56 young (57344K), 10 survivors (10240K)
 Metaspace       used 15758K, committed 15936K, reserved 1064960K
  class space    used 1474K, committed 1600K, reserved 1048576K
}
Event: 3.993 GC heap after
{Heap after GC invocations=4 (full 0):
 garbage-first heap   total 131072K, used 23829K [0x0000000081a00000, 0x0000000100000000)
  region size 1024K, 4 young (4096K), 4 survivors (4096K)
 Metaspace       used 15758K, committed 15936K, reserved 1064960K
  class space    used 1474K, committed 1600K, reserved 1048576K
}
Event: 5.380 GC heap before
{Heap before GC invocations=4 (full 0):
 garbage-first heap   total 131072K, used 81173K [0x0000000081a00000, 0x0000000100000000)
  region size 1024K, 60 young (61440K), 4 survivors (4096K)
 Metaspace       used 20941K, committed 21248K, reserved 1073152K
  class space    used 2051K, committed 2240K, reserved 1048576K
}
Event: 5.397 GC heap after
{Heap after GC invocations=5 (full 0):
 garbage-first heap   total 131072K, used 31232K [0x0000000081a00000, 0x0000000100000000)
  region size 1024K, 8 young (8192K), 8 survivors (8192K)
 Metaspace       used 20941K, committed 21248K, reserved 1073152K
  class space    used 2051K, committed 2240K, reserved 1048576K
}
Event: 5.410 GC heap before
{Heap before GC invocations=5 (full 0):
 garbage-first heap   total 131072K, used 31232K [0x0000000081a00000, 0x0000000100000000)
  region size 1024K, 9 young (9216K), 8 survivors (8192K)
 Metaspace       used 20956K, committed 21248K, reserved 1073152K
  class space    used 2053K, committed 2240K, reserved 1048576K
}
Event: 5.431 GC heap after
{Heap after GC invocations=6 (full 0):
 garbage-first heap   total 157696K, used 32509K [0x0000000081a00000, 0x0000000100000000)
  region size 1024K, 1 young (1024K), 1 survivors (1024K)
 Metaspace       used 20956K, committed 21248K, reserved 1073152K
  class space    used 2053K, committed 2240K, reserved 1048576K
}
Event: 6.478 GC heap before
{Heap before GC invocations=7 (full 0):
 garbage-first heap   total 112640K, used 99069K [0x0000000081a00000, 0x0000000100000000)
  region size 1024K, 66 young (67584K), 1 survivors (1024K)
 Metaspace       used 23983K, committed 24320K, reserved 1073152K
  class space    used 2465K, committed 2624K, reserved 1048576K
}
Event: 6.499 GC heap after
{Heap after GC invocations=8 (full 0):
 garbage-first heap   total 112640K, used 39031K [0x0000000081a00000, 0x0000000100000000)
  region size 1024K, 8 young (8192K), 8 survivors (8192K)
 Metaspace       used 23983K, committed 24320K, reserved 1073152K
  class space    used 2465K, committed 2624K, reserved 1048576K
}
Event: 7.341 GC heap before
{Heap before GC invocations=8 (full 0):
 garbage-first heap   total 112640K, used 83063K [0x0000000081a00000, 0x0000000100000000)
  region size 1024K, 51 young (52224K), 8 survivors (8192K)
 Metaspace       used 27505K, committed 27776K, reserved 1081344K
  class space    used 2888K, committed 3008K, reserved 1048576K
}
Event: 7.362 GC heap after
{Heap after GC invocations=9 (full 0):
 garbage-first heap   total 112640K, used 43950K [0x0000000081a00000, 0x0000000100000000)
  region size 1024K, 5 young (5120K), 5 survivors (5120K)
 Metaspace       used 27505K, committed 27776K, reserved 1081344K
  class space    used 2888K, committed 3008K, reserved 1048576K
}
Event: 8.658 GC heap before
{Heap before GC invocations=9 (full 0):
 garbage-first heap   total 112640K, used 84910K [0x0000000081a00000, 0x0000000100000000)
  region size 1024K, 45 young (46080K), 5 survivors (5120K)
 Metaspace       used 30092K, committed 30464K, reserved 1081344K
  class space    used 3253K, committed 3456K, reserved 1048576K
}
Event: 8.675 GC heap after
{Heap after GC invocations=10 (full 0):
 garbage-first heap   total 112640K, used 48352K [0x0000000081a00000, 0x0000000100000000)
  region size 1024K, 5 young (5120K), 5 survivors (5120K)
 Metaspace       used 30092K, committed 30464K, reserved 1081344K
  class space    used 3253K, committed 3456K, reserved 1048576K
}
Event: 10.957 GC heap before
{Heap before GC invocations=10 (full 0):
 garbage-first heap   total 112640K, used 92384K [0x0000000081a00000, 0x0000000100000000)
  region size 1024K, 43 young (44032K), 5 survivors (5120K)
 Metaspace       used 32291K, committed 32576K, reserved 1081344K
  class space    used 3574K, committed 3712K, reserved 1048576K
}
Event: 10.978 GC heap after
{Heap after GC invocations=11 (full 0):
 garbage-first heap   total 112640K, used 56787K [0x0000000081a00000, 0x0000000100000000)
  region size 1024K, 4 young (4096K), 4 survivors (4096K)
 Metaspace       used 32291K, committed 32576K, reserved 1081344K
  class space    used 3574K, committed 3712K, reserved 1048576K
}

