# JRE version: Java(TM) SE Runtime Environment (16.0.1+9) (build 16.0.1+9-24)
# Java VM: Java HotSpot(TM) 64-Bit Server VM (16.0.1+9-24, mixed mode, sharing, tiered, compressed oops, compressed class ptrs, g1 gc, windows-amd64)
GC Precious Log:
 CPUs: 4 total, 4 available
 Memory: 8083M
 Large Page Support: Disabled
 NUMA Support: Disabled
 Compressed Oops: Enabled (32-bit)
 Heap Region Size: 1M
 Heap Min Capacity: 8M
 Heap Initial Capacity: 128M
 Heap Max Capacity: 2022M
 Pre-touch: Disabled
 Parallel Workers: 4
 Concurrent Workers: 1
 Concurrent Refinement Workers: 4
 Periodic GC: Disabled
Heap:
 garbage-first heap   total 119808K, used 76257K [0x0000000081a00000, 0x0000000100000000)
  region size 1024K, 24 young (24576K), 5 survivors (5120K)
 Metaspace       used 35121K, committed 35456K, reserved 1081344K
  class space    used 3938K, committed 4096K, reserved 1048576K
GC Heap History (20 events):
Event: 0.769 GC heap before
{Heap before GC invocations=0 (full 0):
 garbage-first heap   total 131072K, used 13312K [0x0000000081a00000, 0x0000000100000000)
  region size 1024K, 13 young (13312K), 0 survivors (0K)
 Metaspace       used 3723K, committed 3840K, reserved 1056768K
  class space    used 339K, committed 384K, reserved 1048576K
}
Event: 0.773 GC heap after
{Heap after GC invocations=1 (full 0):
 garbage-first heap   total 131072K, used 3816K [0x0000000081a00000, 0x0000000100000000)
  region size 1024K, 2 young (2048K), 2 survivors (2048K)
 Metaspace       used 3723K, committed 3840K, reserved 1056768K
  class space    used 339K, committed 384K, reserved 1048576K
}
Event: 1.352 GC heap before
{Heap before GC invocations=1 (full 0):
 garbage-first heap   total 131072K, used 17128K [0x0000000081a00000, 0x0000000100000000)
  region size 1024K, 16 young (16384K), 2 survivors (2048K)
 Metaspace       used 7185K, committed 7424K, reserved 1056768K
  class space    used 642K, committed 768K, reserved 1048576K
}
Event: 1.358 GC heap after
{Heap after GC invocations=2 (full 0):
 garbage-first heap   total 131072K, used 6030K [0x0000000081a00000, 0x0000000100000000)
  region size 1024K, 2 young (2048K), 2 survivors (2048K)
 Metaspace       used 7185K, committed 7424K, reserved 1056768K
  class space    used 642K, committed 768K, reserved 1048576K
}
Event: 2.829 GC heap before
{Heap before GC invocations=2 (full 0):
 garbage-first heap   total 131072K, used 81806K [0x0000000081a00000, 0x0000000100000000)
  region size 1024K, 76 young (77824K), 2 survivors (2048K)
 Metaspace       used 13152K, committed 13312K, reserved 1064960K
  class space    used 1149K, committed 1216K, reserved 1048576K
}
Event: 2.849 GC heap after
{Heap after GC invocations=3 (full 0):
 garbage-first heap   total 131072K, used 18120K [0x0000000081a00000, 0x0000000100000000)
  region size 1024K, 10 young (10240K), 10 survivors (10240K)
 Metaspace       used 13152K, committed 13312K, reserved 1064960K
  class space    used 1149K, committed 1216K, reserved 1048576K
}
Event: 3.899 GC heap before
{Heap before GC invocations=3 (full 0):
 garbage-first heap   total 131072K, used 67272K [0x0000000081a00000, 0x0000000100000000)
  region size 1024K, 58 young (59392K), 10 survivors (10240K)
 Metaspace       used 15924K, committed 16192K, reserved 1064960K
  class space    used 1484K, committed 1600K, reserved 1048576K
}
Event: 3.917 GC heap after
{Heap after GC invocations=4 (full 0):
 garbage-first heap   total 131072K, used 22328K [0x0000000081a00000, 0x0000000100000000)
  region size 1024K, 4 young (4096K), 4 survivors (4096K)
 Metaspace       used 15924K, committed 16192K, reserved 1064960K
  class space    used 1484K, committed 1600K, reserved 1048576K
}
Event: 5.494 GC heap before
{Heap before GC invocations=4 (full 0):
 garbage-first heap   total 131072K, used 79672K [0x0000000081a00000, 0x0000000100000000)
  region size 1024K, 61 young (62464K), 4 survivors (4096K)
 Metaspace       used 20963K, committed 21248K, reserved 1073152K
  class space    used 2051K, committed 2240K, reserved 1048576K
}
Event: 5.511 GC heap after
{Heap after GC invocations=5 (full 0):
 garbage-first heap   total 131072K, used 29184K [0x0000000081a00000, 0x0000000100000000)
  region size 1024K, 8 young (8192K), 8 survivors (8192K)
 Metaspace       used 20963K, committed 21248K, reserved 1073152K
  class space    used 2051K, committed 2240K, reserved 1048576K
}
Event: 6.617 GC heap before
{Heap before GC invocations=6 (full 0):
 garbage-first heap   total 99328K, used 80384K [0x0000000081a00000, 0x0000000100000000)
  region size 1024K, 58 young (59392K), 8 survivors (8192K)
 Metaspace       used 23173K, committed 23488K, reserved 1073152K
  class space    used 2351K, committed 2496K, reserved 1048576K
}
Event: 6.646 GC heap after
{Heap after GC invocations=7 (full 0):
 garbage-first heap   total 99328K, used 35148K [0x0000000081a00000, 0x0000000100000000)
  region size 1024K, 6 young (6144K), 6 survivors (6144K)
 Metaspace       used 23173K, committed 23488K, reserved 1073152K
  class space    used 2351K, committed 2496K, reserved 1048576K
}
Event: 7.321 GC heap before
{Heap before GC invocations=7 (full 0):
 garbage-first heap   total 99328K, used 73036K [0x0000000081a00000, 0x0000000100000000)
  region size 1024K, 43 young (44032K), 6 survivors (6144K)
 Metaspace       used 26368K, committed 26624K, reserved 1073152K
  class space    used 2736K, committed 2880K, reserved 1048576K
}
Event: 7.345 GC heap after
{Heap after GC invocations=8 (full 0):
 garbage-first heap   total 99328K, used 40960K [0x0000000081a00000, 0x0000000100000000)
  region size 1024K, 6 young (6144K), 6 survivors (6144K)
 Metaspace       used 26368K, committed 26624K, reserved 1073152K
  class space    used 2736K, committed 2880K, reserved 1048576K
}
Event: 8.714 GC heap before
{Heap before GC invocations=8 (full 0):
 garbage-first heap   total 99328K, used 74752K [0x0000000081a00000, 0x0000000100000000)
  region size 1024K, 39 young (39936K), 6 survivors (6144K)
 Metaspace       used 28805K, committed 29120K, reserved 1081344K
  class space    used 3064K, committed 3200K, reserved 1048576K
}
Event: 8.732 GC heap after
{Heap after GC invocations=9 (full 0):
 garbage-first heap   total 119808K, used 44544K [0x0000000081a00000, 0x0000000100000000)
  region size 1024K, 4 young (4096K), 4 survivors (4096K)
 Metaspace       used 28805K, committed 29120K, reserved 1081344K
  class space    used 3064K, committed 3200K, reserved 1048576K
}
Event: 9.406 GC heap before
{Heap before GC invocations=9 (full 0):
 garbage-first heap   total 119808K, used 89600K [0x0000000081a00000, 0x0000000100000000)
  region size 1024K, 48 young (49152K), 4 survivors (4096K)
 Metaspace       used 31302K, committed 31616K, reserved 1081344K
  class space    used 3421K, committed 3584K, reserved 1048576K
}
Event: 9.421 GC heap after
{Heap after GC invocations=10 (full 0):
 garbage-first heap   total 119808K, used 48128K [0x0000000081a00000, 0x0000000100000000)
  region size 1024K, 6 young (6144K), 6 survivors (6144K)
 Metaspace       used 31302K, committed 31616K, reserved 1081344K
  class space    used 3421K, committed 3584K, reserved 1048576K
}
Event: 13.335 GC heap before
{Heap before GC invocations=10 (full 0):
 garbage-first heap   total 119808K, used 96256K [0x0000000081a00000, 0x0000000100000000)
  region size 1024K, 48 young (49152K), 6 survivors (6144K)
 Metaspace       used 33863K, committed 34240K, reserved 1081344K
  class space    used 3759K, committed 3968K, reserved 1048576K
}
Event: 13.354 GC heap after
{Heap after GC invocations=11 (full 0):
 garbage-first heap   total 119808K, used 57825K [0x0000000081a00000, 0x0000000100000000)
  region size 1024K, 5 young (5120K), 5 survivors (5120K)
 Metaspace       used 33863K, committed 34240K, reserved 1081344K
  class space    used 3759K, committed 3968K, reserved 1048576K
}

