# JRE version: Java(TM) SE Runtime Environment (16.0.1+9) (build 16.0.1+9-24)
# Java VM: Java HotSpot(TM) 64-Bit Server VM (16.0.1+9-24, mixed mode, sharing, tiered, compressed oops, compressed class ptrs, g1 gc, windows-amd64)
GC Precious Log:
 CPUs: 4 total, 4 available
 Memory: 8083M
 Large Page Support: Disabled
 NUMA Support: Disabled
 Compressed Oops: Enabled (32-bit)
 Heap Region Size: 1M
 Heap Min Capacity: 8M
 Heap Initial Capacity: 128M
 Heap Max Capacity: 2022M
 Pre-touch: Disabled
 Parallel Workers: 4
 Concurrent Workers: 1
 Concurrent Refinement Workers: 4
 Periodic GC: Disabled
Heap:
 garbage-first heap   total 132096K, used 72847K [0x0000000081a00000, 0x0000000100000000)
  region size 1024K, 28 young (28672K), 6 survivors (6144K)
 Metaspace       used 31550K, committed 31872K, reserved 1081344K
  class space    used 3469K, committed 3648K, reserved 1048576K
GC Heap History (16 events):
Event: 0.747 GC heap before
{Heap before GC invocations=0 (full 0):
 garbage-first heap   total 131072K, used 13312K [0x0000000081a00000, 0x0000000100000000)
  region size 1024K, 13 young (13312K), 0 survivors (0K)
 Metaspace       used 3724K, committed 3840K, reserved 1056768K
  class space    used 339K, committed 384K, reserved 1048576K
}
Event: 0.751 GC heap after
{Heap after GC invocations=1 (full 0):
 garbage-first heap   total 131072K, used 3913K [0x0000000081a00000, 0x0000000100000000)
  region size 1024K, 2 young (2048K), 2 survivors (2048K)
 Metaspace       used 3724K, committed 3840K, reserved 1056768K
  class space    used 339K, committed 384K, reserved 1048576K
}
Event: 1.280 GC heap before
{Heap before GC invocations=1 (full 0):
 garbage-first heap   total 131072K, used 18249K [0x0000000081a00000, 0x0000000100000000)
  region size 1024K, 16 young (16384K), 2 survivors (2048K)
 Metaspace       used 7393K, committed 7552K, reserved 1056768K
  class space    used 665K, committed 768K, reserved 1048576K
}
Event: 1.286 GC heap after
{Heap after GC invocations=2 (full 0):
 garbage-first heap   total 131072K, used 6167K [0x0000000081a00000, 0x0000000100000000)
  region size 1024K, 2 young (2048K), 2 survivors (2048K)
 Metaspace       used 7393K, committed 7552K, reserved 1056768K
  class space    used 665K, committed 768K, reserved 1048576K
}
Event: 2.624 GC heap before
{Heap before GC invocations=2 (full 0):
 garbage-first heap   total 131072K, used 81943K [0x0000000081a00000, 0x0000000100000000)
  region size 1024K, 76 young (77824K), 2 survivors (2048K)
 Metaspace       used 13094K, committed 13184K, reserved 1064960K
  class space    used 1146K, committed 1216K, reserved 1048576K
}
Event: 2.643 GC heap after
{Heap after GC invocations=3 (full 0):
 garbage-first heap   total 131072K, used 18145K [0x0000000081a00000, 0x0000000100000000)
  region size 1024K, 10 young (10240K), 10 survivors (10240K)
 Metaspace       used 13094K, committed 13184K, reserved 1064960K
  class space    used 1146K, committed 1216K, reserved 1048576K
}
Event: 3.390 GC heap before
{Heap before GC invocations=3 (full 0):
 garbage-first heap   total 131072K, used 67297K [0x0000000081a00000, 0x0000000100000000)
  region size 1024K, 58 young (59392K), 10 survivors (10240K)
 Metaspace       used 15912K, committed 16128K, reserved 1064960K
  class space    used 1493K, committed 1600K, reserved 1048576K
}
Event: 3.408 GC heap after
{Heap after GC invocations=4 (full 0):
 garbage-first heap   total 131072K, used 22528K [0x0000000081a00000, 0x0000000100000000)
  region size 1024K, 4 young (4096K), 4 survivors (4096K)
 Metaspace       used 15912K, committed 16128K, reserved 1064960K
  class space    used 1493K, committed 1600K, reserved 1048576K
}
Event: 4.415 GC heap before
{Heap before GC invocations=4 (full 0):
 garbage-first heap   total 131072K, used 77824K [0x0000000081a00000, 0x0000000100000000)
  region size 1024K, 59 young (60416K), 4 survivors (4096K)
 Metaspace       used 20924K, committed 21248K, reserved 1073152K
  class space    used 2053K, committed 2240K, reserved 1048576K
}
Event: 4.429 GC heap after
{Heap after GC invocations=5 (full 0):
 garbage-first heap   total 131072K, used 28672K [0x0000000081a00000, 0x0000000100000000)
  region size 1024K, 8 young (8192K), 8 survivors (8192K)
 Metaspace       used 20924K, committed 21248K, reserved 1073152K
  class space    used 2053K, committed 2240K, reserved 1048576K
}
Event: 5.546 GC heap before
{Heap before GC invocations=6 (full 0):
 garbage-first heap   total 109568K, used 86016K [0x0000000081a00000, 0x0000000100000000)
  region size 1024K, 64 young (65536K), 8 survivors (8192K)
 Metaspace       used 23621K, committed 23936K, reserved 1073152K
  class space    used 2428K, committed 2560K, reserved 1048576K
}
Event: 5.575 GC heap after
{Heap after GC invocations=7 (full 0):
 garbage-first heap   total 109568K, used 35142K [0x0000000081a00000, 0x0000000100000000)
  region size 1024K, 6 young (6144K), 6 survivors (6144K)
 Metaspace       used 23621K, committed 23936K, reserved 1073152K
  class space    used 2428K, committed 2560K, reserved 1048576K
}
Event: 6.226 GC heap before
{Heap before GC invocations=7 (full 0):
 garbage-first heap   total 109568K, used 79174K [0x0000000081a00000, 0x0000000100000000)
  region size 1024K, 49 young (50176K), 6 survivors (6144K)
 Metaspace       used 26978K, committed 27264K, reserved 1081344K
  class space    used 2807K, committed 2944K, reserved 1048576K
}
Event: 6.250 GC heap after
{Heap after GC invocations=8 (full 0):
 garbage-first heap   total 132096K, used 40960K [0x0000000081a00000, 0x0000000100000000)
  region size 1024K, 6 young (6144K), 6 survivors (6144K)
 Metaspace       used 26978K, committed 27264K, reserved 1081344K
  class space    used 2807K, committed 2944K, reserved 1048576K
}
Event: 7.659 GC heap before
{Heap before GC invocations=8 (full 0):
 garbage-first heap   total 132096K, used 95232K [0x0000000081a00000, 0x0000000100000000)
  region size 1024K, 59 young (60416K), 6 survivors (6144K)
 Metaspace       used 30300K, committed 30656K, reserved 1081344K
  class space    used 3288K, committed 3456K, reserved 1048576K
}
Event: 7.675 GC heap after
{Heap after GC invocations=9 (full 0):
 garbage-first heap   total 132096K, used 46223K [0x0000000081a00000, 0x0000000100000000)
  region size 1024K, 6 young (6144K), 6 survivors (6144K)
 Metaspace       used 30300K, committed 30656K, reserved 1081344K
  class space    used 3288K, committed 3456K, reserved 1048576K
}

