# JRE version: Java(TM) SE Runtime Environment (16.0.1+9) (build 16.0.1+9-24)
# Java VM: Java HotSpot(TM) 64-Bit Server VM (16.0.1+9-24, mixed mode, sharing, tiered, compressed oops, compressed class ptrs, g1 gc, windows-amd64)
GC Precious Log:
 CPUs: 4 total, 4 available
 Memory: 8083M
 Large Page Support: Disabled
 NUMA Support: Disabled
 Compressed Oops: Enabled (32-bit)
 Heap Region Size: 1M
 Heap Min Capacity: 8M
 Heap Initial Capacity: 128M
 Heap Max Capacity: 2022M
 Pre-touch: Disabled
 Parallel Workers: 4
 Concurrent Workers: 1
 Concurrent Refinement Workers: 4
 Periodic GC: Disabled
Heap:
 garbage-first heap   total 130048K, used 90978K [0x0000000081a00000, 0x0000000100000000)
  region size 1024K, 46 young (47104K), 6 survivors (6144K)
 Metaspace       used 31555K, committed 31936K, reserved 1081344K
  class space    used 3467K, committed 3648K, reserved 1048576K
GC Heap History (16 events):
Event: 0.810 GC heap before
{Heap before GC invocations=0 (full 0):
 garbage-first heap   total 131072K, used 13312K [0x0000000081a00000, 0x0000000100000000)
  region size 1024K, 13 young (13312K), 0 survivors (0K)
 Metaspace       used 3708K, committed 3840K, reserved 1056768K
  class space    used 339K, committed 384K, reserved 1048576K
}
Event: 0.815 GC heap after
{Heap after GC invocations=1 (full 0):
 garbage-first heap   total 131072K, used 3784K [0x0000000081a00000, 0x0000000100000000)
  region size 1024K, 2 young (2048K), 2 survivors (2048K)
 Metaspace       used 3708K, committed 3840K, reserved 1056768K
  class space    used 339K, committed 384K, reserved 1048576K
}
Event: 1.310 GC heap before
{Heap before GC invocations=1 (full 0):
 garbage-first heap   total 131072K, used 18120K [0x0000000081a00000, 0x0000000100000000)
  region size 1024K, 16 young (16384K), 2 survivors (2048K)
 Metaspace       used 7404K, committed 7552K, reserved 1056768K
  class space    used 658K, committed 768K, reserved 1048576K
}
Event: 1.316 GC heap after
{Heap after GC invocations=2 (full 0):
 garbage-first heap   total 131072K, used 6172K [0x0000000081a00000, 0x0000000100000000)
  region size 1024K, 2 young (2048K), 2 survivors (2048K)
 Metaspace       used 7404K, committed 7552K, reserved 1056768K
  class space    used 658K, committed 768K, reserved 1048576K
}
Event: 2.710 GC heap before
{Heap before GC invocations=2 (full 0):
 garbage-first heap   total 131072K, used 81948K [0x0000000081a00000, 0x0000000100000000)
  region size 1024K, 76 young (77824K), 2 survivors (2048K)
 Metaspace       used 13040K, committed 13184K, reserved 1064960K
  class space    used 1141K, committed 1216K, reserved 1048576K
}
Event: 2.730 GC heap after
{Heap after GC invocations=3 (full 0):
 garbage-first heap   total 131072K, used 19530K [0x0000000081a00000, 0x0000000100000000)
  region size 1024K, 10 young (10240K), 10 survivors (10240K)
 Metaspace       used 13040K, committed 13184K, reserved 1064960K
  class space    used 1141K, committed 1216K, reserved 1048576K
}
Event: 3.693 GC heap before
{Heap before GC invocations=3 (full 0):
 garbage-first heap   total 131072K, used 66634K [0x0000000081a00000, 0x0000000100000000)
  region size 1024K, 56 young (57344K), 10 survivors (10240K)
 Metaspace       used 15667K, committed 15872K, reserved 1064960K
  class space    used 1461K, committed 1536K, reserved 1048576K
}
Event: 3.711 GC heap after
{Heap after GC invocations=4 (full 0):
 garbage-first heap   total 131072K, used 24332K [0x0000000081a00000, 0x0000000100000000)
  region size 1024K, 5 young (5120K), 5 survivors (5120K)
 Metaspace       used 15667K, committed 15872K, reserved 1064960K
  class space    used 1461K, committed 1536K, reserved 1048576K
}
Event: 5.118 GC heap before
{Heap before GC invocations=4 (full 0):
 garbage-first heap   total 131072K, used 80652K [0x0000000081a00000, 0x0000000100000000)
  region size 1024K, 60 young (61440K), 5 survivors (5120K)
 Metaspace       used 20787K, committed 21056K, reserved 1073152K
  class space    used 2037K, committed 2176K, reserved 1048576K
}
Event: 5.136 GC heap after
{Heap after GC invocations=5 (full 0):
 garbage-first heap   total 131072K, used 30720K [0x0000000081a00000, 0x0000000100000000)
  region size 1024K, 8 young (8192K), 8 survivors (8192K)
 Metaspace       used 20787K, committed 21056K, reserved 1073152K
  class space    used 2037K, committed 2176K, reserved 1048576K
}
Event: 5.235 GC heap before
{Heap before GC invocations=5 (full 0):
 garbage-first heap   total 131072K, used 38912K [0x0000000081a00000, 0x0000000100000000)
  region size 1024K, 17 young (17408K), 8 survivors (8192K)
 Metaspace       used 21047K, committed 21248K, reserved 1073152K
  class space    used 2064K, committed 2176K, reserved 1048576K
}
Event: 5.249 GC heap after
{Heap after GC invocations=6 (full 0):
 garbage-first heap   total 157696K, used 32951K [0x0000000081a00000, 0x0000000100000000)
  region size 1024K, 2 young (2048K), 2 survivors (2048K)
 Metaspace       used 21047K, committed 21248K, reserved 1073152K
  class space    used 2064K, committed 2176K, reserved 1048576K
}
Event: 6.469 GC heap before
{Heap before GC invocations=7 (full 0):
 garbage-first heap   total 130048K, used 108727K [0x0000000081a00000, 0x0000000100000000)
  region size 1024K, 76 young (77824K), 2 survivors (2048K)
 Metaspace       used 25604K, committed 25920K, reserved 1073152K
  class space    used 2654K, committed 2816K, reserved 1048576K
}
Event: 6.482 GC heap after
{Heap after GC invocations=8 (full 0):
 garbage-first heap   total 130048K, used 40057K [0x0000000081a00000, 0x0000000100000000)
  region size 1024K, 9 young (9216K), 9 survivors (9216K)
 Metaspace       used 25604K, committed 25920K, reserved 1073152K
  class space    used 2654K, committed 2816K, reserved 1048576K
}
Event: 7.924 GC heap before
{Heap before GC invocations=8 (full 0):
 garbage-first heap   total 130048K, used 95353K [0x0000000081a00000, 0x0000000100000000)
  region size 1024K, 63 young (64512K), 9 survivors (9216K)
 Metaspace       used 29389K, committed 29696K, reserved 1081344K
  class space    used 3170K, committed 3328K, reserved 1048576K
}
Event: 7.942 GC heap after
{Heap after GC invocations=9 (full 0):
 garbage-first heap   total 130048K, used 45922K [0x0000000081a00000, 0x0000000100000000)
  region size 1024K, 6 young (6144K), 6 survivors (6144K)
 Metaspace       used 29389K, committed 29696K, reserved 1081344K
  class space    used 3170K, committed 3328K, reserved 1048576K
}

