# JRE version: Java(TM) SE Runtime Environment (16.0.1+9) (build 16.0.1+9-24)
# Java VM: Java HotSpot(TM) 64-Bit Server VM (16.0.1+9-24, mixed mode, sharing, tiered, compressed oops, compressed class ptrs, g1 gc, windows-amd64)
GC Precious Log:
 CPUs: 4 total, 4 available
 Memory: 8083M
 Large Page Support: Disabled
 NUMA Support: Disabled
 Compressed Oops: Enabled (32-bit)
 Heap Region Size: 1M
 Heap Min Capacity: 8M
 Heap Initial Capacity: 128M
 Heap Max Capacity: 2022M
 Pre-touch: Disabled
 Parallel Workers: 4
 Concurrent Workers: 1
 Concurrent Refinement Workers: 4
 Periodic GC: Disabled
Heap:
 garbage-first heap   total 122880K, used 73791K [0x0000000081a00000, 0x0000000100000000)
  region size 1024K, 23 young (23552K), 5 survivors (5120K)
 Metaspace       used 35133K, committed 35456K, reserved 1081344K
  class space    used 3936K, committed 4096K, reserved 1048576K
GC Heap History (20 events):
Event: 0.910 GC heap before
{Heap before GC invocations=0 (full 0):
 garbage-first heap   total 131072K, used 13312K [0x0000000081a00000, 0x0000000100000000)
  region size 1024K, 13 young (13312K), 0 survivors (0K)
 Metaspace       used 3755K, committed 3968K, reserved 1056768K
  class space    used 343K, committed 448K, reserved 1048576K
}
Event: 0.915 GC heap after
{Heap after GC invocations=1 (full 0):
 garbage-first heap   total 131072K, used 3708K [0x0000000081a00000, 0x0000000100000000)
  region size 1024K, 2 young (2048K), 2 survivors (2048K)
 Metaspace       used 3755K, committed 3968K, reserved 1056768K
  class space    used 343K, committed 448K, reserved 1048576K
}
Event: 1.361 GC heap before
{Heap before GC invocations=1 (full 0):
 garbage-first heap   total 131072K, used 17020K [0x0000000081a00000, 0x0000000100000000)
  region size 1024K, 16 young (16384K), 2 survivors (2048K)
 Metaspace       used 7434K, committed 7616K, reserved 1056768K
  class space    used 662K, committed 768K, reserved 1048576K
}
Event: 1.368 GC heap after
{Heap after GC invocations=2 (full 0):
 garbage-first heap   total 131072K, used 6144K [0x0000000081a00000, 0x0000000100000000)
  region size 1024K, 2 young (2048K), 2 survivors (2048K)
 Metaspace       used 7434K, committed 7616K, reserved 1056768K
  class space    used 662K, committed 768K, reserved 1048576K
}
Event: 2.796 GC heap before
{Heap before GC invocations=2 (full 0):
 garbage-first heap   total 131072K, used 81920K [0x0000000081a00000, 0x0000000100000000)
  region size 1024K, 76 young (77824K), 2 survivors (2048K)
 Metaspace       used 13087K, committed 13248K, reserved 1064960K
  class space    used 1143K, committed 1216K, reserved 1048576K
}
Event: 2.815 GC heap after
{Heap after GC invocations=3 (full 0):
 garbage-first heap   total 131072K, used 18102K [0x0000000081a00000, 0x0000000100000000)
  region size 1024K, 10 young (10240K), 10 survivors (10240K)
 Metaspace       used 13087K, committed 13248K, reserved 1064960K
  class space    used 1143K, committed 1216K, reserved 1048576K
}
Event: 3.634 GC heap before
{Heap before GC invocations=3 (full 0):
 garbage-first heap   total 131072K, used 67254K [0x0000000081a00000, 0x0000000100000000)
  region size 1024K, 58 young (59392K), 10 survivors (10240K)
 Metaspace       used 15865K, committed 16128K, reserved 1064960K
  class space    used 1482K, committed 1600K, reserved 1048576K
}
Event: 3.651 GC heap after
{Heap after GC invocations=4 (full 0):
 garbage-first heap   total 131072K, used 22314K [0x0000000081a00000, 0x0000000100000000)
  region size 1024K, 4 young (4096K), 4 survivors (4096K)
 Metaspace       used 15865K, committed 16128K, reserved 1064960K
  class space    used 1482K, committed 1600K, reserved 1048576K
}
Event: 4.724 GC heap before
{Heap before GC invocations=4 (full 0):
 garbage-first heap   total 131072K, used 83754K [0x0000000081a00000, 0x0000000100000000)
  region size 1024K, 64 young (65536K), 4 survivors (4096K)
 Metaspace       used 20870K, committed 21120K, reserved 1073152K
  class space    used 2043K, committed 2176K, reserved 1048576K
}
Event: 4.738 GC heap after
{Heap after GC invocations=5 (full 0):
 garbage-first heap   total 131072K, used 28672K [0x0000000081a00000, 0x0000000100000000)
  region size 1024K, 8 young (8192K), 8 survivors (8192K)
 Metaspace       used 20870K, committed 21120K, reserved 1073152K
  class space    used 2043K, committed 2176K, reserved 1048576K
}
Event: 4.778 GC heap before
{Heap before GC invocations=5 (full 0):
 garbage-first heap   total 131072K, used 30720K [0x0000000081a00000, 0x0000000100000000)
  region size 1024K, 11 young (11264K), 8 survivors (8192K)
 Metaspace       used 21038K, committed 21248K, reserved 1073152K
  class space    used 2062K, committed 2176K, reserved 1048576K
}
Event: 4.791 GC heap after
{Heap after GC invocations=6 (full 0):
 garbage-first heap   total 157696K, used 30408K [0x0000000081a00000, 0x0000000100000000)
  region size 1024K, 2 young (2048K), 2 survivors (2048K)
 Metaspace       used 21038K, committed 21248K, reserved 1073152K
  class space    used 2062K, committed 2176K, reserved 1048576K
}
Event: 5.830 GC heap before
{Heap before GC invocations=7 (full 0):
 garbage-first heap   total 122880K, used 102088K [0x0000000081a00000, 0x0000000100000000)
  region size 1024K, 72 young (73728K), 2 survivors (2048K)
 Metaspace       used 25340K, committed 25600K, reserved 1073152K
  class space    used 2610K, committed 2752K, reserved 1048576K
}
Event: 5.848 GC heap after
{Heap after GC invocations=8 (full 0):
 garbage-first heap   total 122880K, used 37308K [0x0000000081a00000, 0x0000000100000000)
  region size 1024K, 9 young (9216K), 9 survivors (9216K)
 Metaspace       used 25340K, committed 25600K, reserved 1073152K
  class space    used 2610K, committed 2752K, reserved 1048576K
}
Event: 7.291 GC heap before
{Heap before GC invocations=8 (full 0):
 garbage-first heap   total 122880K, used 86460K [0x0000000081a00000, 0x0000000100000000)
  region size 1024K, 57 young (58368K), 9 survivors (9216K)
 Metaspace       used 28672K, committed 28992K, reserved 1081344K
  class space    used 3055K, committed 3200K, reserved 1048576K
}
Event: 7.317 GC heap after
{Heap after GC invocations=9 (full 0):
 garbage-first heap   total 122880K, used 42724K [0x0000000081a00000, 0x0000000100000000)
  region size 1024K, 6 young (6144K), 6 survivors (6144K)
 Metaspace       used 28672K, committed 28992K, reserved 1081344K
  class space    used 3055K, committed 3200K, reserved 1048576K
}
Event: 8.172 GC heap before
{Heap before GC invocations=9 (full 0):
 garbage-first heap   total 122880K, used 89828K [0x0000000081a00000, 0x0000000100000000)
  region size 1024K, 52 young (53248K), 6 survivors (6144K)
 Metaspace       used 31241K, committed 31552K, reserved 1081344K
  class space    used 3422K, committed 3584K, reserved 1048576K
}
Event: 8.192 GC heap after
{Heap after GC invocations=10 (full 0):
 garbage-first heap   total 122880K, used 46820K [0x0000000081a00000, 0x0000000100000000)
  region size 1024K, 5 young (5120K), 5 survivors (5120K)
 Metaspace       used 31241K, committed 31552K, reserved 1081344K
  class space    used 3422K, committed 3584K, reserved 1048576K
}
Event: 12.136 GC heap before
{Heap before GC invocations=10 (full 0):
 garbage-first heap   total 122880K, used 96996K [0x0000000081a00000, 0x0000000100000000)
  region size 1024K, 49 young (50176K), 5 survivors (5120K)
 Metaspace       used 33890K, committed 34240K, reserved 1081344K
  class space    used 3769K, committed 3968K, reserved 1048576K
}
Event: 12.156 GC heap after
{Heap after GC invocations=11 (full 0):
 garbage-first heap   total 122880K, used 56383K [0x0000000081a00000, 0x0000000100000000)
  region size 1024K, 5 young (5120K), 5 survivors (5120K)
 Metaspace       used 33890K, committed 34240K, reserved 1081344K
  class space    used 3769K, committed 3968K, reserved 1048576K
}

