# JRE version: Java(TM) SE Runtime Environment (16.0.1+9) (build 16.0.1+9-24)
# Java VM: Java HotSpot(TM) 64-Bit Server VM (16.0.1+9-24, mixed mode, sharing, tiered, compressed oops, compressed class ptrs, g1 gc, windows-amd64)
GC Precious Log:
 CPUs: 4 total, 4 available
 Memory: 8083M
 Large Page Support: Disabled
 NUMA Support: Disabled
 Compressed Oops: Enabled (32-bit)
 Heap Region Size: 1M
 Heap Min Capacity: 8M
 Heap Initial Capacity: 128M
 Heap Max Capacity: 2022M
 Pre-touch: Disabled
 Parallel Workers: 4
 Concurrent Workers: 1
 Concurrent Refinement Workers: 4
 Periodic GC: Disabled
Heap:
 garbage-first heap   total 116736K, used 75130K [0x0000000081a00000, 0x0000000100000000)
  region size 1024K, 20 young (20480K), 2 survivors (2048K)
 Metaspace       used 36016K, committed 36352K, reserved 1081344K
  class space    used 4063K, committed 4224K, reserved 1048576K
GC Heap History (20 events):
Event: 1.332 GC heap before
{Heap before GC invocations=1 (full 0):
 garbage-first heap   total 131072K, used 17997K [0x0000000081a00000, 0x0000000100000000)
  region size 1024K, 16 young (16384K), 2 survivors (2048K)
 Metaspace       used 6923K, committed 7040K, reserved 1056768K
  class space    used 618K, committed 704K, reserved 1048576K
}
Event: 1.337 GC heap after
{Heap after GC invocations=2 (full 0):
 garbage-first heap   total 131072K, used 5815K [0x0000000081a00000, 0x0000000100000000)
  region size 1024K, 2 young (2048K), 2 survivors (2048K)
 Metaspace       used 6923K, committed 7040K, reserved 1056768K
  class space    used 618K, committed 704K, reserved 1048576K
}
Event: 2.775 GC heap before
{Heap before GC invocations=2 (full 0):
 garbage-first heap   total 131072K, used 81591K [0x0000000081a00000, 0x0000000100000000)
  region size 1024K, 76 young (77824K), 2 survivors (2048K)
 Metaspace       used 13139K, committed 13312K, reserved 1064960K
  class space    used 1146K, committed 1216K, reserved 1048576K
}
Event: 2.797 GC heap after
{Heap after GC invocations=3 (full 0):
 garbage-first heap   total 131072K, used 19232K [0x0000000081a00000, 0x0000000100000000)
  region size 1024K, 10 young (10240K), 10 survivors (10240K)
 Metaspace       used 13139K, committed 13312K, reserved 1064960K
  class space    used 1146K, committed 1216K, reserved 1048576K
}
Event: 4.119 GC heap before
{Heap before GC invocations=3 (full 0):
 garbage-first heap   total 131072K, used 66336K [0x0000000081a00000, 0x0000000100000000)
  region size 1024K, 56 young (57344K), 10 survivors (10240K)
 Metaspace       used 15798K, committed 16064K, reserved 1064960K
  class space    used 1475K, committed 1600K, reserved 1048576K
}
Event: 4.137 GC heap after
{Heap after GC invocations=4 (full 0):
 garbage-first heap   total 131072K, used 24064K [0x0000000081a00000, 0x0000000100000000)
  region size 1024K, 5 young (5120K), 5 survivors (5120K)
 Metaspace       used 15798K, committed 16064K, reserved 1064960K
  class space    used 1475K, committed 1600K, reserved 1048576K
}
Event: 5.254 GC heap before
{Heap before GC invocations=4 (full 0):
 garbage-first heap   total 131072K, used 81408K [0x0000000081a00000, 0x0000000100000000)
  region size 1024K, 61 young (62464K), 5 survivors (5120K)
 Metaspace       used 20850K, committed 21248K, reserved 1073152K
  class space    used 2042K, committed 2240K, reserved 1048576K
}
Event: 5.268 GC heap after
{Heap after GC invocations=5 (full 0):
 garbage-first heap   total 131072K, used 30208K [0x0000000081a00000, 0x0000000100000000)
  region size 1024K, 8 young (8192K), 8 survivors (8192K)
 Metaspace       used 20850K, committed 21248K, reserved 1073152K
  class space    used 2042K, committed 2240K, reserved 1048576K
}
Event: 5.335 GC heap before
{Heap before GC invocations=5 (full 0):
 garbage-first heap   total 131072K, used 36352K [0x0000000081a00000, 0x0000000100000000)
  region size 1024K, 15 young (15360K), 8 survivors (8192K)
 Metaspace       used 20953K, committed 21248K, reserved 1073152K
  class space    used 2051K, committed 2240K, reserved 1048576K
}
Event: 5.349 GC heap after
{Heap after GC invocations=6 (full 0):
 garbage-first heap   total 157696K, used 31851K [0x0000000081a00000, 0x0000000100000000)
  region size 1024K, 2 young (2048K), 2 survivors (2048K)
 Metaspace       used 20953K, committed 21248K, reserved 1073152K
  class space    used 2051K, committed 2240K, reserved 1048576K
}
Event: 7.950 GC heap before
{Heap before GC invocations=7 (full 0):
 garbage-first heap   total 116736K, used 99435K [0x0000000081a00000, 0x0000000100000000)
  region size 1024K, 68 young (69632K), 2 survivors (2048K)
 Metaspace       used 26477K, committed 26752K, reserved 1073152K
  class space    used 2755K, committed 2880K, reserved 1048576K
}
Event: 7.968 GC heap after
{Heap after GC invocations=8 (full 0):
 garbage-first heap   total 116736K, used 37735K [0x0000000081a00000, 0x0000000100000000)
  region size 1024K, 8 young (8192K), 8 survivors (8192K)
 Metaspace       used 26477K, committed 26752K, reserved 1073152K
  class space    used 2755K, committed 2880K, reserved 1048576K
}
Event: 8.544 GC heap before
{Heap before GC invocations=8 (full 0):
 garbage-first heap   total 116736K, used 84839K [0x0000000081a00000, 0x0000000100000000)
  region size 1024K, 54 young (55296K), 8 survivors (8192K)
 Metaspace       used 29272K, committed 29632K, reserved 1081344K
  class space    used 3099K, committed 3264K, reserved 1048576K
}
Event: 8.567 GC heap after
{Heap after GC invocations=9 (full 0):
 garbage-first heap   total 116736K, used 43653K [0x0000000081a00000, 0x0000000100000000)
  region size 1024K, 6 young (6144K), 6 survivors (6144K)
 Metaspace       used 29272K, committed 29632K, reserved 1081344K
  class space    used 3099K, committed 3264K, reserved 1048576K
}
Event: 10.994 GC heap before
{Heap before GC invocations=9 (full 0):
 garbage-first heap   total 116736K, used 87685K [0x0000000081a00000, 0x0000000100000000)
  region size 1024K, 49 young (50176K), 6 survivors (6144K)
 Metaspace       used 32021K, committed 32384K, reserved 1081344K
  class space    used 3515K, committed 3712K, reserved 1048576K
}
Event: 11.014 GC heap after
{Heap after GC invocations=10 (full 0):
 garbage-first heap   total 116736K, used 47749K [0x0000000081a00000, 0x0000000100000000)
  region size 1024K, 4 young (4096K), 4 survivors (4096K)
 Metaspace       used 32021K, committed 32384K, reserved 1081344K
  class space    used 3515K, committed 3712K, reserved 1048576K
}
Event: 15.337 GC heap before
{Heap before GC invocations=10 (full 0):
 garbage-first heap   total 116736K, used 93829K [0x0000000081a00000, 0x0000000100000000)
  region size 1024K, 45 young (46080K), 4 survivors (4096K)
 Metaspace       used 34323K, committed 34688K, reserved 1081344K
  class space    used 3840K, committed 4032K, reserved 1048576K
}
Event: 15.354 GC heap after
{Heap after GC invocations=11 (full 0):
 garbage-first heap   total 116736K, used 56778K [0x0000000081a00000, 0x0000000100000000)
  region size 1024K, 4 young (4096K), 4 survivors (4096K)
 Metaspace       used 34323K, committed 34688K, reserved 1081344K
  class space    used 3840K, committed 4032K, reserved 1048576K
}
Event: 15.640 GC heap before
{Heap before GC invocations=11 (full 0):
 garbage-first heap   total 116736K, used 68042K [0x0000000081a00000, 0x0000000100000000)
  region size 1024K, 16 young (16384K), 4 survivors (4096K)
 Metaspace       used 35340K, committed 35648K, reserved 1081344K
  class space    used 3957K, committed 4096K, reserved 1048576K
}
Event: 15.651 GC heap after
{Heap after GC invocations=12 (full 0):
 garbage-first heap   total 116736K, used 57722K [0x0000000081a00000, 0x0000000100000000)
  region size 1024K, 2 young (2048K), 2 survivors (2048K)
 Metaspace       used 35340K, committed 35648K, reserved 1081344K
  class space    used 3957K, committed 4096K, reserved 1048576K
}

