# JRE version: Java(TM) SE Runtime Environment (16.0.1+9) (build 16.0.1+9-24)
# Java VM: Java HotSpot(TM) 64-Bit Server VM (16.0.1+9-24, mixed mode, sharing, tiered, compressed oops, compressed class ptrs, g1 gc, windows-amd64)
GC Precious Log:
 CPUs: 4 total, 4 available
 Memory: 8083M
 Large Page Support: Disabled
 NUMA Support: Disabled
 Compressed Oops: Enabled (32-bit)
 Heap Region Size: 1M
 Heap Min Capacity: 8M
 Heap Initial Capacity: 128M
 Heap Max Capacity: 2022M
 Pre-touch: Disabled
 Parallel Workers: 4
 Concurrent Workers: 1
 Concurrent Refinement Workers: 4
 Periodic GC: Disabled
Heap:
 garbage-first heap   total 122880K, used 62195K [0x0000000081a00000, 0x0000000100000000)
  region size 1024K, 9 young (9216K), 4 survivors (4096K)
 Metaspace       used 34957K, committed 35328K, reserved 1081344K
  class space    used 3912K, committed 4096K, reserved 1048576K
GC Heap History (20 events):
Event: 0.806 GC heap before
{Heap before GC invocations=0 (full 0):
 garbage-first heap   total 131072K, used 13312K [0x0000000081a00000, 0x0000000100000000)
  region size 1024K, 13 young (13312K), 0 survivors (0K)
 Metaspace       used 3770K, committed 3968K, reserved 1056768K
  class space    used 345K, committed 448K, reserved 1048576K
}
Event: 0.812 GC heap after
{Heap after GC invocations=1 (full 0):
 garbage-first heap   total 131072K, used 3682K [0x0000000081a00000, 0x0000000100000000)
  region size 1024K, 2 young (2048K), 2 survivors (2048K)
 Metaspace       used 3770K, committed 3968K, reserved 1056768K
  class space    used 345K, committed 448K, reserved 1048576K
}
Event: 1.304 GC heap before
{Heap before GC invocations=1 (full 0):
 garbage-first heap   total 131072K, used 16994K [0x0000000081a00000, 0x0000000100000000)
  region size 1024K, 16 young (16384K), 2 survivors (2048K)
 Metaspace       used 7412K, committed 7616K, reserved 1056768K
  class space    used 661K, committed 768K, reserved 1048576K
}
Event: 1.312 GC heap after
{Heap after GC invocations=2 (full 0):
 garbage-first heap   total 131072K, used 6210K [0x0000000081a00000, 0x0000000100000000)
  region size 1024K, 2 young (2048K), 2 survivors (2048K)
 Metaspace       used 7412K, committed 7616K, reserved 1056768K
  class space    used 661K, committed 768K, reserved 1048576K
}
Event: 2.676 GC heap before
{Heap before GC invocations=2 (full 0):
 garbage-first heap   total 131072K, used 81986K [0x0000000081a00000, 0x0000000100000000)
  region size 1024K, 76 young (77824K), 2 survivors (2048K)
 Metaspace       used 13116K, committed 13312K, reserved 1064960K
  class space    used 1145K, committed 1216K, reserved 1048576K
}
Event: 2.694 GC heap after
{Heap after GC invocations=3 (full 0):
 garbage-first heap   total 131072K, used 18154K [0x0000000081a00000, 0x0000000100000000)
  region size 1024K, 10 young (10240K), 10 survivors (10240K)
 Metaspace       used 13116K, committed 13312K, reserved 1064960K
  class space    used 1145K, committed 1216K, reserved 1048576K
}
Event: 3.396 GC heap before
{Heap before GC invocations=3 (full 0):
 garbage-first heap   total 131072K, used 67306K [0x0000000081a00000, 0x0000000100000000)
  region size 1024K, 58 young (59392K), 10 survivors (10240K)
 Metaspace       used 15889K, committed 16128K, reserved 1064960K
  class space    used 1485K, committed 1600K, reserved 1048576K
}
Event: 3.414 GC heap after
{Heap after GC invocations=4 (full 0):
 garbage-first heap   total 131072K, used 21805K [0x0000000081a00000, 0x0000000100000000)
  region size 1024K, 4 young (4096K), 4 survivors (4096K)
 Metaspace       used 15889K, committed 16128K, reserved 1064960K
  class space    used 1485K, committed 1600K, reserved 1048576K
}
Event: 4.341 GC heap before
{Heap before GC invocations=4 (full 0):
 garbage-first heap   total 131072K, used 76077K [0x0000000081a00000, 0x0000000100000000)
  region size 1024K, 58 young (59392K), 4 survivors (4096K)
 Metaspace       used 20918K, committed 21248K, reserved 1073152K
  class space    used 2051K, committed 2240K, reserved 1048576K
}
Event: 4.355 GC heap after
{Heap after GC invocations=5 (full 0):
 garbage-first heap   total 131072K, used 28160K [0x0000000081a00000, 0x0000000100000000)
  region size 1024K, 8 young (8192K), 8 survivors (8192K)
 Metaspace       used 20918K, committed 21248K, reserved 1073152K
  class space    used 2051K, committed 2240K, reserved 1048576K
}
Event: 5.040 GC heap before
{Heap before GC invocations=6 (full 0):
 garbage-first heap   total 102400K, used 81408K [0x0000000081a00000, 0x0000000100000000)
  region size 1024K, 60 young (61440K), 8 survivors (8192K)
 Metaspace       used 22888K, committed 23168K, reserved 1073152K
  class space    used 2314K, committed 2432K, reserved 1048576K
}
Event: 5.067 GC heap after
{Heap after GC invocations=7 (full 0):
 garbage-first heap   total 102400K, used 34616K [0x0000000081a00000, 0x0000000100000000)
  region size 1024K, 6 young (6144K), 6 survivors (6144K)
 Metaspace       used 22888K, committed 23168K, reserved 1073152K
  class space    used 2314K, committed 2432K, reserved 1048576K
}
Event: 5.563 GC heap before
{Heap before GC invocations=7 (full 0):
 garbage-first heap   total 102400K, used 74552K [0x0000000081a00000, 0x0000000100000000)
  region size 1024K, 45 young (46080K), 6 survivors (6144K)
 Metaspace       used 26214K, committed 26496K, reserved 1073152K
  class space    used 2721K, committed 2880K, reserved 1048576K
}
Event: 5.586 GC heap after
{Heap after GC invocations=8 (full 0):
 garbage-first heap   total 122880K, used 39424K [0x0000000081a00000, 0x0000000100000000)
  region size 1024K, 5 young (5120K), 5 survivors (5120K)
 Metaspace       used 26214K, committed 26496K, reserved 1073152K
  class space    used 2721K, committed 2880K, reserved 1048576K
}
Event: 6.964 GC heap before
{Heap before GC invocations=8 (full 0):
 garbage-first heap   total 122880K, used 89600K [0x0000000081a00000, 0x0000000100000000)
  region size 1024K, 54 young (55296K), 5 survivors (5120K)
 Metaspace       used 29529K, committed 29888K, reserved 1081344K
  class space    used 3189K, committed 3392K, reserved 1048576K
}
Event: 6.986 GC heap after
{Heap after GC invocations=9 (full 0):
 garbage-first heap   total 122880K, used 45056K [0x0000000081a00000, 0x0000000100000000)
  region size 1024K, 5 young (5120K), 5 survivors (5120K)
 Metaspace       used 29529K, committed 29888K, reserved 1081344K
  class space    used 3189K, committed 3392K, reserved 1048576K
}
Event: 8.622 GC heap before
{Heap before GC invocations=9 (full 0):
 garbage-first heap   total 122880K, used 97280K [0x0000000081a00000, 0x0000000100000000)
  region size 1024K, 51 young (52224K), 5 survivors (5120K)
 Metaspace       used 32091K, committed 32448K, reserved 1081344K
  class space    used 3548K, committed 3712K, reserved 1048576K
}
Event: 8.640 GC heap after
{Heap after GC invocations=10 (full 0):
 garbage-first heap   total 122880K, used 54190K [0x0000000081a00000, 0x0000000100000000)
  region size 1024K, 4 young (4096K), 4 survivors (4096K)
 Metaspace       used 32091K, committed 32448K, reserved 1081344K
  class space    used 3548K, committed 3712K, reserved 1048576K
}
Event: 10.922 GC heap before
{Heap before GC invocations=10 (full 0):
 garbage-first heap   total 122880K, used 95150K [0x0000000081a00000, 0x0000000100000000)
  region size 1024K, 44 young (45056K), 4 survivors (4096K)
 Metaspace       used 34707K, committed 35008K, reserved 1081344K
  class space    used 3880K, committed 4032K, reserved 1048576K
}
Event: 10.940 GC heap after
{Heap after GC invocations=11 (full 0):
 garbage-first heap   total 122880K, used 58099K [0x0000000081a00000, 0x0000000100000000)
  region size 1024K, 4 young (4096K), 4 survivors (4096K)
 Metaspace       used 34707K, committed 35008K, reserved 1081344K
  class space    used 3880K, committed 4032K, reserved 1048576K
}

