# JRE version: Java(TM) SE Runtime Environment (16.0.1+9) (build 16.0.1+9-24)
# Java VM: Java HotSpot(TM) 64-Bit Server VM (16.0.1+9-24, mixed mode, sharing, tiered, compressed oops, compressed class ptrs, g1 gc, windows-amd64)
GC Precious Log:
 CPUs: 4 total, 4 available
 Memory: 8083M
 Large Page Support: Disabled
 NUMA Support: Disabled
 Compressed Oops: Enabled (32-bit)
 Heap Region Size: 1M
 Heap Min Capacity: 8M
 Heap Initial Capacity: 128M
 Heap Max Capacity: 2022M
 Pre-touch: Disabled
 Parallel Workers: 4
 Concurrent Workers: 1
 Concurrent Refinement Workers: 4
 Periodic GC: Disabled
Heap:
 garbage-first heap   total 137216K, used 100854K [0x0000000081a00000, 0x0000000100000000)
  region size 1024K, 47 young (48128K), 5 survivors (5120K)
 Metaspace       used 34111K, committed 34432K, reserved 1081344K
  class space    used 3821K, committed 3968K, reserved 1048576K
GC Heap History (18 events):
Event: 1.196 GC heap before
{Heap before GC invocations=0 (full 0):
 garbage-first heap   total 131072K, used 13312K [0x0000000081a00000, 0x0000000100000000)
  region size 1024K, 13 young (13312K), 0 survivors (0K)
 Metaspace       used 4032K, committed 4224K, reserved 1056768K
  class space    used 365K, committed 448K, reserved 1048576K
}
Event: 1.201 GC heap after
{Heap after GC invocations=1 (full 0):
 garbage-first heap   total 131072K, used 4099K [0x0000000081a00000, 0x0000000100000000)
  region size 1024K, 2 young (2048K), 2 survivors (2048K)
 Metaspace       used 4032K, committed 4224K, reserved 1056768K
  class space    used 365K, committed 448K, reserved 1048576K
}
Event: 1.805 GC heap before
{Heap before GC invocations=1 (full 0):
 garbage-first heap   total 131072K, used 17411K [0x0000000081a00000, 0x0000000100000000)
  region size 1024K, 16 young (16384K), 2 survivors (2048K)
 Metaspace       used 7416K, committed 7616K, reserved 1056768K
  class space    used 660K, committed 768K, reserved 1048576K
}
Event: 1.812 GC heap after
{Heap after GC invocations=2 (full 0):
 garbage-first heap   total 131072K, used 6190K [0x0000000081a00000, 0x0000000100000000)
  region size 1024K, 2 young (2048K), 2 survivors (2048K)
 Metaspace       used 7416K, committed 7616K, reserved 1056768K
  class space    used 660K, committed 768K, reserved 1048576K
}
Event: 2.705 GC heap before
{Heap before GC invocations=2 (full 0):
 garbage-first heap   total 131072K, used 41006K [0x0000000081a00000, 0x0000000100000000)
  region size 1024K, 36 young (36864K), 2 survivors (2048K)
 Metaspace       used 10699K, committed 10880K, reserved 1064960K
  class space    used 970K, committed 1088K, reserved 1048576K
}
Event: 2.721 GC heap after
{Heap after GC invocations=3 (full 0):
 garbage-first heap   total 131072K, used 14010K [0x0000000081a00000, 0x0000000100000000)
  region size 1024K, 5 young (5120K), 5 survivors (5120K)
 Metaspace       used 10699K, committed 10880K, reserved 1064960K
  class space    used 970K, committed 1088K, reserved 1048576K
}
Event: 3.370 GC heap before
{Heap before GC invocations=3 (full 0):
 garbage-first heap   total 131072K, used 63162K [0x0000000081a00000, 0x0000000100000000)
  region size 1024K, 53 young (54272K), 5 survivors (5120K)
 Metaspace       used 13559K, committed 13760K, reserved 1064960K
  class space    used 1203K, committed 1280K, reserved 1048576K
}
Event: 3.391 GC heap after
{Heap after GC invocations=4 (full 0):
 garbage-first heap   total 131072K, used 23469K [0x0000000081a00000, 0x0000000100000000)
  region size 1024K, 7 young (7168K), 7 survivors (7168K)
 Metaspace       used 13559K, committed 13760K, reserved 1064960K
  class space    used 1203K, committed 1280K, reserved 1048576K
}
Event: 4.220 GC heap before
{Heap before GC invocations=4 (full 0):
 garbage-first heap   total 131072K, used 74669K [0x0000000081a00000, 0x0000000100000000)
  region size 1024K, 57 young (58368K), 7 survivors (7168K)
 Metaspace       used 17027K, committed 17216K, reserved 1064960K
  class space    used 1636K, committed 1728K, reserved 1048576K
}
Event: 4.238 GC heap after
{Heap after GC invocations=5 (full 0):
 garbage-first heap   total 131072K, used 28506K [0x0000000081a00000, 0x0000000100000000)
  region size 1024K, 5 young (5120K), 5 survivors (5120K)
 Metaspace       used 17027K, committed 17216K, reserved 1064960K
  class space    used 1636K, committed 1728K, reserved 1048576K
}
Event: 5.084 GC heap before
{Heap before GC invocations=5 (full 0):
 garbage-first heap   total 131072K, used 79706K [0x0000000081a00000, 0x0000000100000000)
  region size 1024K, 56 young (57344K), 5 survivors (5120K)
 Metaspace       used 21032K, committed 21248K, reserved 1073152K
  class space    used 2067K, committed 2176K, reserved 1048576K
}
Event: 5.099 GC heap after
{Heap after GC invocations=6 (full 0):
 garbage-first heap   total 157696K, used 35734K [0x0000000081a00000, 0x0000000100000000)
  region size 1024K, 7 young (7168K), 7 survivors (7168K)
 Metaspace       used 21032K, committed 21248K, reserved 1073152K
  class space    used 2067K, committed 2176K, reserved 1048576K
}
Event: 5.949 GC heap before
{Heap before GC invocations=7 (full 0):
 garbage-first heap   total 137216K, used 97174K [0x0000000081a00000, 0x0000000100000000)
  region size 1024K, 67 young (68608K), 7 survivors (7168K)
 Metaspace       used 23811K, committed 24064K, reserved 1073152K
  class space    used 2449K, committed 2560K, reserved 1048576K
}
Event: 5.969 GC heap after
{Heap after GC invocations=8 (full 0):
 garbage-first heap   total 137216K, used 43682K [0x0000000081a00000, 0x0000000100000000)
  region size 1024K, 8 young (8192K), 8 survivors (8192K)
 Metaspace       used 23811K, committed 24064K, reserved 1073152K
  class space    used 2449K, committed 2560K, reserved 1048576K
}
Event: 7.453 GC heap before
{Heap before GC invocations=8 (full 0):
 garbage-first heap   total 137216K, used 97954K [0x0000000081a00000, 0x0000000100000000)
  region size 1024K, 61 young (62464K), 8 survivors (8192K)
 Metaspace       used 28511K, committed 28800K, reserved 1081344K
  class space    used 3031K, committed 3136K, reserved 1048576K
}
Event: 7.485 GC heap after
{Heap after GC invocations=9 (full 0):
 garbage-first heap   total 137216K, used 48843K [0x0000000081a00000, 0x0000000100000000)
  region size 1024K, 6 young (6144K), 6 survivors (6144K)
 Metaspace       used 28511K, committed 28800K, reserved 1081344K
  class space    used 3031K, committed 3136K, reserved 1048576K
}
Event: 8.364 GC heap before
{Heap before GC invocations=9 (full 0):
 garbage-first heap   total 137216K, used 101067K [0x0000000081a00000, 0x0000000100000000)
  region size 1024K, 57 young (58368K), 6 survivors (6144K)
 Metaspace       used 31419K, committed 31808K, reserved 1081344K
  class space    used 3450K, committed 3648K, reserved 1048576K
}
Event: 8.381 GC heap after
{Heap after GC invocations=10 (full 0):
 garbage-first heap   total 137216K, used 53750K [0x0000000081a00000, 0x0000000100000000)
  region size 1024K, 5 young (5120K), 5 survivors (5120K)
 Metaspace       used 31419K, committed 31808K, reserved 1081344K
  class space    used 3450K, committed 3648K, reserved 1048576K
}

